<?xml version="1.0" encoding="UTF-8"?>
<!-- Generated by org.testng.reporters.JUnitReportReporter -->
<testsuite hostname="Govind" failures="0" tests="1" name="cucumberOptions.TestNGRunner" time="0.061" errors="0" timestamp="2024-10-21T21:45:17 IST" skipped="0">
  <testcase classname="cucumberOptions.TestNGRunner" name="runScenario" time="0.061"/>
</testsuite> <!-- cucumberOptions.TestNGRunner -->
